<?xml version="1.0" encoding="UTF-8"?>
<!-- Generated by org.testng.reporters.JUnitXMLReporter -->
<testsuite hostname="DESKTOP-V18LHA0" ignored="0" name="Banking Test" tests="4" failures="0" timestamp="06 Nov 2021 14:25:38 GMT" time="9.094" errors="0">
  <testcase name="@BeforeClass Setup" time="5.938" classname="com.eBanking.pageObjects.BaseClass">
    <failure type="org.openqa.selenium.SessionNotCreatedException" message="session not created: This version of ChromeDriver only supports Chrome version 93
Current browser version is 95.0.4638.69 with binary path C:\Program Files (x86)\Google\Chrome\Application\chrome.exe
Build info: version: &amp;apos;3.141.0&amp;apos;, revision: &amp;apos;2ecb7d9a&amp;apos;, time: &amp;apos;2018-10-31T20:09:30&amp;apos;
System info: host: &amp;apos;DESKTOP-V18LHA0&amp;apos;, ip: &amp;apos;192.168.43.131&amp;apos;, os.name: &amp;apos;Windows 10&amp;apos;, os.arch: &amp;apos;amd64&amp;apos;, os.version: &amp;apos;10.0&amp;apos;, java.version: &amp;apos;1.8.0_281&amp;apos;
Driver info: driver.version: ChromeDriver
remote stacktrace: Backtrace:
	Ordinal0 [0x0113D403+2479107]
	Ordinal0 [0x010D7D51+2063697]
	Ordinal0 [0x00FE20C8+1056968]
	Ordinal0 [0x0100043A+1180730]
	Ordinal0 [0x00FFC355+1164117]
	Ordinal0 [0x00FF9B7F+1153919]
	Ordinal0 [0x01029CBF+1350847]
	Ordinal0 [0x0102992A+1349930]
	Ordinal0 [0x0102583B+1333307]
	Ordinal0 [0x01001F94+1187732]
	Ordinal0 [0x01002DE9+1191401]
	GetHandleVerifier [0x012BF3F6+1531734]
	GetHandleVerifier [0x0136E9AE+2249998]
	GetHandleVerifier [0x011C39AB+501003]
	GetHandleVerifier [0x011C2A29+497033]
	Ordinal0 [0x010DD11D+2085149]
	Ordinal0 [0x010E11C8+2101704]
	Ordinal0 [0x010E1302+2102018]
	Ordinal0 [0x010EAA71+2140785]
	BaseThreadInitThunk [0x753CF989+25]
	RtlGetAppContainerNamedObjectPath [0x771074A4+228]
	RtlGetAppContainerNamedObjectPath [0x77107474+180]
">
      <![CDATA[org.openqa.selenium.SessionNotCreatedException: session not created: This version of ChromeDriver only supports Chrome version 93
Current browser version is 95.0.4638.69 with binary path C:\Program Files (x86)\Google\Chrome\Application\chrome.exe
Build info: version: '3.141.0', revision: '2ecb7d9a', time: '2018-10-31T20:09:30'
System info: host: 'DESKTOP-V18LHA0', ip: '192.168.43.131', os.name: 'Windows 10', os.arch: 'amd64', os.version: '10.0', java.version: '1.8.0_281'
Driver info: driver.version: ChromeDriver
remote stacktrace: Backtrace:
Ordinal0 [0x0113D403+2479107]
Ordinal0 [0x010D7D51+2063697]
Ordinal0 [0x00FE20C8+1056968]
Ordinal0 [0x0100043A+1180730]
Ordinal0 [0x00FFC355+1164117]
Ordinal0 [0x00FF9B7F+1153919]
Ordinal0 [0x01029CBF+1350847]
Ordinal0 [0x0102992A+1349930]
Ordinal0 [0x0102583B+1333307]
Ordinal0 [0x01001F94+1187732]
Ordinal0 [0x01002DE9+1191401]
GetHandleVerifier [0x012BF3F6+1531734]
GetHandleVerifier [0x0136E9AE+2249998]
GetHandleVerifier [0x011C39AB+501003]
GetHandleVerifier [0x011C2A29+497033]
Ordinal0 [0x010DD11D+2085149]
Ordinal0 [0x010E11C8+2101704]
Ordinal0 [0x010E1302+2102018]
Ordinal0 [0x010EAA71+2140785]
BaseThreadInitThunk [0x753CF989+25]
RtlGetAppContainerNamedObjectPath [0x771074A4+228]
RtlGetAppContainerNamedObjectPath [0x77107474+180]

at org.openqa.selenium.remote.W3CHandshakeResponse.lambda$errorHandler$0(W3CHandshakeResponse.java:62)
at org.openqa.selenium.remote.HandshakeResponse.lambda$getResponseFunction$0(HandshakeResponse.java:30)
at org.openqa.selenium.remote.ProtocolHandshake.lambda$createSession$0(ProtocolHandshake.java:123)
at java.util.stream.ReferencePipeline$3$1.accept(Unknown Source)
at java.util.Spliterators$ArraySpliterator.tryAdvance(Unknown Source)
at java.util.stream.ReferencePipeline.forEachWithCancel(Unknown Source)
at java.util.stream.AbstractPipeline.copyIntoWithCancel(Unknown Source)
at java.util.stream.AbstractPipeline.copyInto(Unknown Source)
at java.util.stream.AbstractPipeline.wrapAndCopyInto(Unknown Source)
at java.util.stream.FindOps$FindOp.evaluateSequential(Unknown Source)
at java.util.stream.AbstractPipeline.evaluate(Unknown Source)
at java.util.stream.ReferencePipeline.findFirst(Unknown Source)
at org.openqa.selenium.remote.ProtocolHandshake.createSession(ProtocolHandshake.java:125)
at org.openqa.selenium.remote.ProtocolHandshake.createSession(ProtocolHandshake.java:74)
at org.openqa.selenium.remote.HttpCommandExecutor.execute(HttpCommandExecutor.java:136)
at org.openqa.selenium.remote.service.DriverCommandExecutor.execute(DriverCommandExecutor.java:83)
at org.openqa.selenium.remote.RemoteWebDriver.execute(RemoteWebDriver.java:552)
at org.openqa.selenium.remote.RemoteWebDriver.startSession(RemoteWebDriver.java:213)
at org.openqa.selenium.remote.RemoteWebDriver.<init>(RemoteWebDriver.java:131)
at org.openqa.selenium.chrome.ChromeDriver.<init>(ChromeDriver.java:181)
at org.openqa.selenium.chrome.ChromeDriver.<init>(ChromeDriver.java:168)
at org.openqa.selenium.chrome.ChromeDriver.<init>(ChromeDriver.java:123)
at com.eBanking.pageObjects.BaseClass.Setup(BaseClass.java:40)
... Removed 30 stack frames]]>
    </failure>
  </testcase> <!-- @BeforeClass Setup -->
  <testcase name="@AfterClass TearDown" time="0.0" classname="com.eBanking.pageObjects.BaseClass">
    <skipped/>
  </testcase> <!-- @AfterClass TearDown -->
  <testcase name="loginDDT" time="0.0" classname="com.eBanking.testCases.TC_LoginDDT_002">
    <skipped/>
  </testcase> <!-- loginDDT -->
  <testcase name="loginDDT" time="0.0" classname="com.eBanking.testCases.TC_LoginDDT_002">
    <skipped/>
  </testcase> <!-- loginDDT -->
  <testcase name="loginDDT" time="0.0" classname="com.eBanking.testCases.TC_LoginDDT_002">
    <skipped/>
  </testcase> <!-- loginDDT -->
  <testcase name="loginDDT" time="0.0" classname="com.eBanking.testCases.TC_LoginDDT_002">
    <skipped/>
  </testcase> <!-- loginDDT -->
</testsuite> <!-- Banking Test -->
