<!DOCTYPE html PUBLIC "-//W3C//DTD XHTML 1.1//EN" "http://www.w3.org/TR/xhtml11/DTD/xhtml11.dtd">
<html xmlns="http://www.w3.org/1999/xhtml">
<head>
<meta http-equiv="content-type" content="text/html; charset=UTF-8"/>
<title>TestNG Report</title>
<style type="text/css">table {margin-bottom:10px;border-collapse:collapse;empty-cells:show}th,td {border:1px solid #009;padding:.25em .5em}th {vertical-align:bottom}td {vertical-align:top}table a {font-weight:bold}.stripe td {background-color: #E6EBF9}.num {text-align:right}.passedodd td {background-color: #3F3}.passedeven td {background-color: #0A0}.skippedodd td {background-color: #DDD}.skippedeven td {background-color: #CCC}.failedodd td,.attn {background-color: #F33}.failedeven td,.stripe .attn {background-color: #D00}.stacktrace {white-space:pre;font-family:monospace}.totop {font-size:85%;text-align:center;border-bottom:2px solid #000}.invisible {display:none}</style>
</head>
<body>
<table>
<tr><th>Test</th><th># Passed</th><th># Skipped</th><th># Failed</th><th>Time (ms)</th><th>Included Groups</th><th>Excluded Groups</th></tr>
<tr><th colspan="7">eBanking</th></tr>
<tr><td><a href="#t0">Banking Test</a></td><td class="num">0</td><td class="num attn">4</td><td class="num">0</td><td class="num">9,094</td><td></td><td></td></tr>
</table>
<table id='summary'><thead><tr><th>Class</th><th>Method</th><th>Start</th><th>Time (ms)</th></tr></thead><tbody><tr><th colspan="4">eBanking</th></tr></tbody><tbody id="t0"><tr><th colspan="4">Banking Test &#8212; failed (configuration methods)</th></tr><tr class="failedeven"><td rowspan="1">com.eBanking.testCases.TC_LoginDDT_002</td><td><a href="#m0">Setup</a></td><td rowspan="1">1636208730166</td><td rowspan="1">5938</td></tr><tr><th colspan="4">Banking Test &#8212; skipped (configuration methods)</th></tr><tr class="skippedeven"><td rowspan="1">com.eBanking.testCases.TC_LoginDDT_002</td><td><a href="#m1">TearDown</a></td><td rowspan="1">1636208738697</td><td rowspan="1">0</td></tr><tr><th colspan="4">Banking Test &#8212; skipped</th></tr><tr class="skippedeven"><td rowspan="4">com.eBanking.testCases.TC_LoginDDT_002</td><td><a href="#m2">loginDDT</a></td><td rowspan="4">1636208738619</td><td rowspan="4">0</td></tr><tr class="skippedeven"><td><a href="#m3">loginDDT</a></td></tr><tr class="skippedeven"><td><a href="#m4">loginDDT</a></td></tr><tr class="skippedeven"><td><a href="#m5">loginDDT</a></td></tr></tbody>
</table>
<h2>Banking Test</h2><h3 id="m0">com.eBanking.testCases.TC_LoginDDT_002#Setup</h3><table class="result"><tr class="param"><th>Parameter #1</th></tr><tr class="param stripe"><td>chrome</td></tr><tr><th>Exception</th></tr><tr><td><div class="stacktrace">org.openqa.selenium.SessionNotCreatedException: session not created: This version of ChromeDriver only supports Chrome version 93
Current browser version is 95.0.4638.69 with binary path C:\Program Files (x86)\Google\Chrome\Application\chrome.exe
Build info: version: &apos;3.141.0&apos;, revision: &apos;2ecb7d9a&apos;, time: &apos;2018-10-31T20:09:30&apos;
System info: host: &apos;DESKTOP-V18LHA0&apos;, ip: &apos;192.168.43.131&apos;, os.name: &apos;Windows 10&apos;, os.arch: &apos;amd64&apos;, os.version: &apos;10.0&apos;, java.version: &apos;1.8.0_281&apos;
Driver info: driver.version: ChromeDriver
remote stacktrace: Backtrace:
	Ordinal0 [0x0113D403+2479107]
	Ordinal0 [0x010D7D51+2063697]
	Ordinal0 [0x00FE20C8+1056968]
	Ordinal0 [0x0100043A+1180730]
	Ordinal0 [0x00FFC355+1164117]
	Ordinal0 [0x00FF9B7F+1153919]
	Ordinal0 [0x01029CBF+1350847]
	Ordinal0 [0x0102992A+1349930]
	Ordinal0 [0x0102583B+1333307]
	Ordinal0 [0x01001F94+1187732]
	Ordinal0 [0x01002DE9+1191401]
	GetHandleVerifier [0x012BF3F6+1531734]
	GetHandleVerifier [0x0136E9AE+2249998]
	GetHandleVerifier [0x011C39AB+501003]
	GetHandleVerifier [0x011C2A29+497033]
	Ordinal0 [0x010DD11D+2085149]
	Ordinal0 [0x010E11C8+2101704]
	Ordinal0 [0x010E1302+2102018]
	Ordinal0 [0x010EAA71+2140785]
	BaseThreadInitThunk [0x753CF989+25]
	RtlGetAppContainerNamedObjectPath [0x771074A4+228]
	RtlGetAppContainerNamedObjectPath [0x77107474+180]

	at org.openqa.selenium.remote.W3CHandshakeResponse.lambda$errorHandler$0(W3CHandshakeResponse.java:62)
	at org.openqa.selenium.remote.HandshakeResponse.lambda$getResponseFunction$0(HandshakeResponse.java:30)
	at org.openqa.selenium.remote.ProtocolHandshake.lambda$createSession$0(ProtocolHandshake.java:123)
	at java.util.stream.ReferencePipeline$3$1.accept(Unknown Source)
	at java.util.Spliterators$ArraySpliterator.tryAdvance(Unknown Source)
	at java.util.stream.ReferencePipeline.forEachWithCancel(Unknown Source)
	at java.util.stream.AbstractPipeline.copyIntoWithCancel(Unknown Source)
	at java.util.stream.AbstractPipeline.copyInto(Unknown Source)
	at java.util.stream.AbstractPipeline.wrapAndCopyInto(Unknown Source)
	at java.util.stream.FindOps$FindOp.evaluateSequential(Unknown Source)
	at java.util.stream.AbstractPipeline.evaluate(Unknown Source)
	at java.util.stream.ReferencePipeline.findFirst(Unknown Source)
	at org.openqa.selenium.remote.ProtocolHandshake.createSession(ProtocolHandshake.java:125)
	at org.openqa.selenium.remote.ProtocolHandshake.createSession(ProtocolHandshake.java:74)
	at org.openqa.selenium.remote.HttpCommandExecutor.execute(HttpCommandExecutor.java:136)
	at org.openqa.selenium.remote.service.DriverCommandExecutor.execute(DriverCommandExecutor.java:83)
	at org.openqa.selenium.remote.RemoteWebDriver.execute(RemoteWebDriver.java:552)
	at org.openqa.selenium.remote.RemoteWebDriver.startSession(RemoteWebDriver.java:213)
	at org.openqa.selenium.remote.RemoteWebDriver.&lt;init&gt;(RemoteWebDriver.java:131)
	at org.openqa.selenium.chrome.ChromeDriver.&lt;init&gt;(ChromeDriver.java:181)
	at org.openqa.selenium.chrome.ChromeDriver.&lt;init&gt;(ChromeDriver.java:168)
	at org.openqa.selenium.chrome.ChromeDriver.&lt;init&gt;(ChromeDriver.java:123)
	at com.eBanking.pageObjects.BaseClass.Setup(BaseClass.java:40)
... Removed 30 stack frames</div></td></tr></table><p class="totop"><a href="#summary">back to summary</a></p>
<h3 id="m1">com.eBanking.testCases.TC_LoginDDT_002#TearDown</h3><table class="result"><tr><th class="invisible"/></tr></table><p class="totop"><a href="#summary">back to summary</a></p>
<h3 id="m2">com.eBanking.testCases.TC_LoginDDT_002#loginDDT</h3><table class="result"><tr><th>Exception</th></tr><tr><td><div class="stacktrace">org.openqa.selenium.SessionNotCreatedException: session not created: This version of ChromeDriver only supports Chrome version 93
Current browser version is 95.0.4638.69 with binary path C:\Program Files (x86)\Google\Chrome\Application\chrome.exe
Build info: version: &apos;3.141.0&apos;, revision: &apos;2ecb7d9a&apos;, time: &apos;2018-10-31T20:09:30&apos;
System info: host: &apos;DESKTOP-V18LHA0&apos;, ip: &apos;192.168.43.131&apos;, os.name: &apos;Windows 10&apos;, os.arch: &apos;amd64&apos;, os.version: &apos;10.0&apos;, java.version: &apos;1.8.0_281&apos;
Driver info: driver.version: ChromeDriver
remote stacktrace: Backtrace:
	Ordinal0 [0x0113D403+2479107]
	Ordinal0 [0x010D7D51+2063697]
	Ordinal0 [0x00FE20C8+1056968]
	Ordinal0 [0x0100043A+1180730]
	Ordinal0 [0x00FFC355+1164117]
	Ordinal0 [0x00FF9B7F+1153919]
	Ordinal0 [0x01029CBF+1350847]
	Ordinal0 [0x0102992A+1349930]
	Ordinal0 [0x0102583B+1333307]
	Ordinal0 [0x01001F94+1187732]
	Ordinal0 [0x01002DE9+1191401]
	GetHandleVerifier [0x012BF3F6+1531734]
	GetHandleVerifier [0x0136E9AE+2249998]
	GetHandleVerifier [0x011C39AB+501003]
	GetHandleVerifier [0x011C2A29+497033]
	Ordinal0 [0x010DD11D+2085149]
	Ordinal0 [0x010E11C8+2101704]
	Ordinal0 [0x010E1302+2102018]
	Ordinal0 [0x010EAA71+2140785]
	BaseThreadInitThunk [0x753CF989+25]
	RtlGetAppContainerNamedObjectPath [0x771074A4+228]
	RtlGetAppContainerNamedObjectPath [0x77107474+180]

	at org.openqa.selenium.remote.W3CHandshakeResponse.lambda$errorHandler$0(W3CHandshakeResponse.java:62)
	at org.openqa.selenium.remote.HandshakeResponse.lambda$getResponseFunction$0(HandshakeResponse.java:30)
	at org.openqa.selenium.remote.ProtocolHandshake.lambda$createSession$0(ProtocolHandshake.java:123)
	at java.util.stream.ReferencePipeline$3$1.accept(Unknown Source)
	at java.util.Spliterators$ArraySpliterator.tryAdvance(Unknown Source)
	at java.util.stream.ReferencePipeline.forEachWithCancel(Unknown Source)
	at java.util.stream.AbstractPipeline.copyIntoWithCancel(Unknown Source)
	at java.util.stream.AbstractPipeline.copyInto(Unknown Source)
	at java.util.stream.AbstractPipeline.wrapAndCopyInto(Unknown Source)
	at java.util.stream.FindOps$FindOp.evaluateSequential(Unknown Source)
	at java.util.stream.AbstractPipeline.evaluate(Unknown Source)
	at java.util.stream.ReferencePipeline.findFirst(Unknown Source)
	at org.openqa.selenium.remote.ProtocolHandshake.createSession(ProtocolHandshake.java:125)
	at org.openqa.selenium.remote.ProtocolHandshake.createSession(ProtocolHandshake.java:74)
	at org.openqa.selenium.remote.HttpCommandExecutor.execute(HttpCommandExecutor.java:136)
	at org.openqa.selenium.remote.service.DriverCommandExecutor.execute(DriverCommandExecutor.java:83)
	at org.openqa.selenium.remote.RemoteWebDriver.execute(RemoteWebDriver.java:552)
	at org.openqa.selenium.remote.RemoteWebDriver.startSession(RemoteWebDriver.java:213)
	at org.openqa.selenium.remote.RemoteWebDriver.&lt;init&gt;(RemoteWebDriver.java:131)
	at org.openqa.selenium.chrome.ChromeDriver.&lt;init&gt;(ChromeDriver.java:181)
	at org.openqa.selenium.chrome.ChromeDriver.&lt;init&gt;(ChromeDriver.java:168)
	at org.openqa.selenium.chrome.ChromeDriver.&lt;init&gt;(ChromeDriver.java:123)
	at com.eBanking.pageObjects.BaseClass.Setup(BaseClass.java:40)
... Removed 30 stack frames</div></td></tr></table><p class="totop"><a href="#summary">back to summary</a></p>
<h3 id="m3">com.eBanking.testCases.TC_LoginDDT_002#loginDDT</h3><table class="result"><tr><th>Exception</th></tr><tr><td><div class="stacktrace">org.openqa.selenium.SessionNotCreatedException: session not created: This version of ChromeDriver only supports Chrome version 93
Current browser version is 95.0.4638.69 with binary path C:\Program Files (x86)\Google\Chrome\Application\chrome.exe
Build info: version: &apos;3.141.0&apos;, revision: &apos;2ecb7d9a&apos;, time: &apos;2018-10-31T20:09:30&apos;
System info: host: &apos;DESKTOP-V18LHA0&apos;, ip: &apos;192.168.43.131&apos;, os.name: &apos;Windows 10&apos;, os.arch: &apos;amd64&apos;, os.version: &apos;10.0&apos;, java.version: &apos;1.8.0_281&apos;
Driver info: driver.version: ChromeDriver
remote stacktrace: Backtrace:
	Ordinal0 [0x0113D403+2479107]
	Ordinal0 [0x010D7D51+2063697]
	Ordinal0 [0x00FE20C8+1056968]
	Ordinal0 [0x0100043A+1180730]
	Ordinal0 [0x00FFC355+1164117]
	Ordinal0 [0x00FF9B7F+1153919]
	Ordinal0 [0x01029CBF+1350847]
	Ordinal0 [0x0102992A+1349930]
	Ordinal0 [0x0102583B+1333307]
	Ordinal0 [0x01001F94+1187732]
	Ordinal0 [0x01002DE9+1191401]
	GetHandleVerifier [0x012BF3F6+1531734]
	GetHandleVerifier [0x0136E9AE+2249998]
	GetHandleVerifier [0x011C39AB+501003]
	GetHandleVerifier [0x011C2A29+497033]
	Ordinal0 [0x010DD11D+2085149]
	Ordinal0 [0x010E11C8+2101704]
	Ordinal0 [0x010E1302+2102018]
	Ordinal0 [0x010EAA71+2140785]
	BaseThreadInitThunk [0x753CF989+25]
	RtlGetAppContainerNamedObjectPath [0x771074A4+228]
	RtlGetAppContainerNamedObjectPath [0x77107474+180]

	at org.openqa.selenium.remote.W3CHandshakeResponse.lambda$errorHandler$0(W3CHandshakeResponse.java:62)
	at org.openqa.selenium.remote.HandshakeResponse.lambda$getResponseFunction$0(HandshakeResponse.java:30)
	at org.openqa.selenium.remote.ProtocolHandshake.lambda$createSession$0(ProtocolHandshake.java:123)
	at java.util.stream.ReferencePipeline$3$1.accept(Unknown Source)
	at java.util.Spliterators$ArraySpliterator.tryAdvance(Unknown Source)
	at java.util.stream.ReferencePipeline.forEachWithCancel(Unknown Source)
	at java.util.stream.AbstractPipeline.copyIntoWithCancel(Unknown Source)
	at java.util.stream.AbstractPipeline.copyInto(Unknown Source)
	at java.util.stream.AbstractPipeline.wrapAndCopyInto(Unknown Source)
	at java.util.stream.FindOps$FindOp.evaluateSequential(Unknown Source)
	at java.util.stream.AbstractPipeline.evaluate(Unknown Source)
	at java.util.stream.ReferencePipeline.findFirst(Unknown Source)
	at org.openqa.selenium.remote.ProtocolHandshake.createSession(ProtocolHandshake.java:125)
	at org.openqa.selenium.remote.ProtocolHandshake.createSession(ProtocolHandshake.java:74)
	at org.openqa.selenium.remote.HttpCommandExecutor.execute(HttpCommandExecutor.java:136)
	at org.openqa.selenium.remote.service.DriverCommandExecutor.execute(DriverCommandExecutor.java:83)
	at org.openqa.selenium.remote.RemoteWebDriver.execute(RemoteWebDriver.java:552)
	at org.openqa.selenium.remote.RemoteWebDriver.startSession(RemoteWebDriver.java:213)
	at org.openqa.selenium.remote.RemoteWebDriver.&lt;init&gt;(RemoteWebDriver.java:131)
	at org.openqa.selenium.chrome.ChromeDriver.&lt;init&gt;(ChromeDriver.java:181)
	at org.openqa.selenium.chrome.ChromeDriver.&lt;init&gt;(ChromeDriver.java:168)
	at org.openqa.selenium.chrome.ChromeDriver.&lt;init&gt;(ChromeDriver.java:123)
	at com.eBanking.pageObjects.BaseClass.Setup(BaseClass.java:40)
... Removed 30 stack frames</div></td></tr></table><p class="totop"><a href="#summary">back to summary</a></p>
<h3 id="m4">com.eBanking.testCases.TC_LoginDDT_002#loginDDT</h3><table class="result"><tr><th>Exception</th></tr><tr><td><div class="stacktrace">org.openqa.selenium.SessionNotCreatedException: session not created: This version of ChromeDriver only supports Chrome version 93
Current browser version is 95.0.4638.69 with binary path C:\Program Files (x86)\Google\Chrome\Application\chrome.exe
Build info: version: &apos;3.141.0&apos;, revision: &apos;2ecb7d9a&apos;, time: &apos;2018-10-31T20:09:30&apos;
System info: host: &apos;DESKTOP-V18LHA0&apos;, ip: &apos;192.168.43.131&apos;, os.name: &apos;Windows 10&apos;, os.arch: &apos;amd64&apos;, os.version: &apos;10.0&apos;, java.version: &apos;1.8.0_281&apos;
Driver info: driver.version: ChromeDriver
remote stacktrace: Backtrace:
	Ordinal0 [0x0113D403+2479107]
	Ordinal0 [0x010D7D51+2063697]
	Ordinal0 [0x00FE20C8+1056968]
	Ordinal0 [0x0100043A+1180730]
	Ordinal0 [0x00FFC355+1164117]
	Ordinal0 [0x00FF9B7F+1153919]
	Ordinal0 [0x01029CBF+1350847]
	Ordinal0 [0x0102992A+1349930]
	Ordinal0 [0x0102583B+1333307]
	Ordinal0 [0x01001F94+1187732]
	Ordinal0 [0x01002DE9+1191401]
	GetHandleVerifier [0x012BF3F6+1531734]
	GetHandleVerifier [0x0136E9AE+2249998]
	GetHandleVerifier [0x011C39AB+501003]
	GetHandleVerifier [0x011C2A29+497033]
	Ordinal0 [0x010DD11D+2085149]
	Ordinal0 [0x010E11C8+2101704]
	Ordinal0 [0x010E1302+2102018]
	Ordinal0 [0x010EAA71+2140785]
	BaseThreadInitThunk [0x753CF989+25]
	RtlGetAppContainerNamedObjectPath [0x771074A4+228]
	RtlGetAppContainerNamedObjectPath [0x77107474+180]

	at org.openqa.selenium.remote.W3CHandshakeResponse.lambda$errorHandler$0(W3CHandshakeResponse.java:62)
	at org.openqa.selenium.remote.HandshakeResponse.lambda$getResponseFunction$0(HandshakeResponse.java:30)
	at org.openqa.selenium.remote.ProtocolHandshake.lambda$createSession$0(ProtocolHandshake.java:123)
	at java.util.stream.ReferencePipeline$3$1.accept(Unknown Source)
	at java.util.Spliterators$ArraySpliterator.tryAdvance(Unknown Source)
	at java.util.stream.ReferencePipeline.forEachWithCancel(Unknown Source)
	at java.util.stream.AbstractPipeline.copyIntoWithCancel(Unknown Source)
	at java.util.stream.AbstractPipeline.copyInto(Unknown Source)
	at java.util.stream.AbstractPipeline.wrapAndCopyInto(Unknown Source)
	at java.util.stream.FindOps$FindOp.evaluateSequential(Unknown Source)
	at java.util.stream.AbstractPipeline.evaluate(Unknown Source)
	at java.util.stream.ReferencePipeline.findFirst(Unknown Source)
	at org.openqa.selenium.remote.ProtocolHandshake.createSession(ProtocolHandshake.java:125)
	at org.openqa.selenium.remote.ProtocolHandshake.createSession(ProtocolHandshake.java:74)
	at org.openqa.selenium.remote.HttpCommandExecutor.execute(HttpCommandExecutor.java:136)
	at org.openqa.selenium.remote.service.DriverCommandExecutor.execute(DriverCommandExecutor.java:83)
	at org.openqa.selenium.remote.RemoteWebDriver.execute(RemoteWebDriver.java:552)
	at org.openqa.selenium.remote.RemoteWebDriver.startSession(RemoteWebDriver.java:213)
	at org.openqa.selenium.remote.RemoteWebDriver.&lt;init&gt;(RemoteWebDriver.java:131)
	at org.openqa.selenium.chrome.ChromeDriver.&lt;init&gt;(ChromeDriver.java:181)
	at org.openqa.selenium.chrome.ChromeDriver.&lt;init&gt;(ChromeDriver.java:168)
	at org.openqa.selenium.chrome.ChromeDriver.&lt;init&gt;(ChromeDriver.java:123)
	at com.eBanking.pageObjects.BaseClass.Setup(BaseClass.java:40)
... Removed 30 stack frames</div></td></tr></table><p class="totop"><a href="#summary">back to summary</a></p>
<h3 id="m5">com.eBanking.testCases.TC_LoginDDT_002#loginDDT</h3><table class="result"><tr><th>Exception</th></tr><tr><td><div class="stacktrace">org.openqa.selenium.SessionNotCreatedException: session not created: This version of ChromeDriver only supports Chrome version 93
Current browser version is 95.0.4638.69 with binary path C:\Program Files (x86)\Google\Chrome\Application\chrome.exe
Build info: version: &apos;3.141.0&apos;, revision: &apos;2ecb7d9a&apos;, time: &apos;2018-10-31T20:09:30&apos;
System info: host: &apos;DESKTOP-V18LHA0&apos;, ip: &apos;192.168.43.131&apos;, os.name: &apos;Windows 10&apos;, os.arch: &apos;amd64&apos;, os.version: &apos;10.0&apos;, java.version: &apos;1.8.0_281&apos;
Driver info: driver.version: ChromeDriver
remote stacktrace: Backtrace:
	Ordinal0 [0x0113D403+2479107]
	Ordinal0 [0x010D7D51+2063697]
	Ordinal0 [0x00FE20C8+1056968]
	Ordinal0 [0x0100043A+1180730]
	Ordinal0 [0x00FFC355+1164117]
	Ordinal0 [0x00FF9B7F+1153919]
	Ordinal0 [0x01029CBF+1350847]
	Ordinal0 [0x0102992A+1349930]
	Ordinal0 [0x0102583B+1333307]
	Ordinal0 [0x01001F94+1187732]
	Ordinal0 [0x01002DE9+1191401]
	GetHandleVerifier [0x012BF3F6+1531734]
	GetHandleVerifier [0x0136E9AE+2249998]
	GetHandleVerifier [0x011C39AB+501003]
	GetHandleVerifier [0x011C2A29+497033]
	Ordinal0 [0x010DD11D+2085149]
	Ordinal0 [0x010E11C8+2101704]
	Ordinal0 [0x010E1302+2102018]
	Ordinal0 [0x010EAA71+2140785]
	BaseThreadInitThunk [0x753CF989+25]
	RtlGetAppContainerNamedObjectPath [0x771074A4+228]
	RtlGetAppContainerNamedObjectPath [0x77107474+180]

	at org.openqa.selenium.remote.W3CHandshakeResponse.lambda$errorHandler$0(W3CHandshakeResponse.java:62)
	at org.openqa.selenium.remote.HandshakeResponse.lambda$getResponseFunction$0(HandshakeResponse.java:30)
	at org.openqa.selenium.remote.ProtocolHandshake.lambda$createSession$0(ProtocolHandshake.java:123)
	at java.util.stream.ReferencePipeline$3$1.accept(Unknown Source)
	at java.util.Spliterators$ArraySpliterator.tryAdvance(Unknown Source)
	at java.util.stream.ReferencePipeline.forEachWithCancel(Unknown Source)
	at java.util.stream.AbstractPipeline.copyIntoWithCancel(Unknown Source)
	at java.util.stream.AbstractPipeline.copyInto(Unknown Source)
	at java.util.stream.AbstractPipeline.wrapAndCopyInto(Unknown Source)
	at java.util.stream.FindOps$FindOp.evaluateSequential(Unknown Source)
	at java.util.stream.AbstractPipeline.evaluate(Unknown Source)
	at java.util.stream.ReferencePipeline.findFirst(Unknown Source)
	at org.openqa.selenium.remote.ProtocolHandshake.createSession(ProtocolHandshake.java:125)
	at org.openqa.selenium.remote.ProtocolHandshake.createSession(ProtocolHandshake.java:74)
	at org.openqa.selenium.remote.HttpCommandExecutor.execute(HttpCommandExecutor.java:136)
	at org.openqa.selenium.remote.service.DriverCommandExecutor.execute(DriverCommandExecutor.java:83)
	at org.openqa.selenium.remote.RemoteWebDriver.execute(RemoteWebDriver.java:552)
	at org.openqa.selenium.remote.RemoteWebDriver.startSession(RemoteWebDriver.java:213)
	at org.openqa.selenium.remote.RemoteWebDriver.&lt;init&gt;(RemoteWebDriver.java:131)
	at org.openqa.selenium.chrome.ChromeDriver.&lt;init&gt;(ChromeDriver.java:181)
	at org.openqa.selenium.chrome.ChromeDriver.&lt;init&gt;(ChromeDriver.java:168)
	at org.openqa.selenium.chrome.ChromeDriver.&lt;init&gt;(ChromeDriver.java:123)
	at com.eBanking.pageObjects.BaseClass.Setup(BaseClass.java:40)
... Removed 30 stack frames</div></td></tr></table><p class="totop"><a href="#summary">back to summary</a></p>
</body>
</html>
