<?xml version="1.0" encoding="UTF-8"?>
<!-- Generated by org.testng.reporters.JUnitReportReporter -->
<testsuite skipped="1" hostname="DESKTOP-V18LHA0" name="com.eBanking.testCases.TC_addCustomerTest_003" tests="2" failures="0" timestamp="23 Oct 2021 14:42:26 GMT" time="3.514" errors="1">
  <testcase name="Setup" time="3.514" classname="com.eBanking.testCases.TC_addCustomerTest_003">
    <error type="org.openqa.selenium.SessionNotCreatedException" message="session not created: This version of ChromeDriver only supports Chrome version 93
Current browser version is 95.0.4638.54 with binary path C:\Program Files (x86)\Google\Chrome\Application\chrome.exe
Build info: version: &#039;3.141.0&#039;, revision: &#039;2ecb7d9a&#039;, time: &#039;2018-10-31T20:09:30&#039;
System info: host: &#039;DESKTOP-V18LHA0&#039;, ip: &#039;192.168.43.131&#039;, os.name: &#039;Windows 10&#039;, os.arch: &#039;amd64&#039;, os.version: &#039;10.0&#039;, java.version: &#039;1.8.0_281&#039;
Driver info: driver.version: ChromeDriver
remote stacktrace: Backtrace:
	Ordinal0 [0x00D2D403+2479107]
	Ordinal0 [0x00CC7D51+2063697]
	Ordinal0 [0x00BD20C8+1056968]
	Ordinal0 [0x00BF043A+1180730]
	Ordinal0 [0x00BEC355+1164117]
	Ordinal0 [0x00BE9B7F+1153919]
	Ordinal0 [0x00C19CBF+1350847]
	Ordinal0 [0x00C1992A+1349930]
	Ordinal0 [0x00C1583B+1333307]
	Ordinal0 [0x00BF1F94+1187732]
	Ordinal0 [0x00BF2DE9+1191401]
	GetHandleVerifier [0x00EAF3F6+1531734]
	GetHandleVerifier [0x00F5E9AE+2249998]
	GetHandleVerifier [0x00DB39AB+501003]
	GetHandleVerifier [0x00DB2A29+497033]
	Ordinal0 [0x00CCD11D+2085149]
	Ordinal0 [0x00CD11C8+2101704]
	Ordinal0 [0x00CD1302+2102018]
	Ordinal0 [0x00CDAA71+2140785]
	BaseThreadInitThunk [0x7596F989+25]
	RtlGetAppContainerNamedObjectPath [0x772774A4+228]
	RtlGetAppContainerNamedObjectPath [0x77277474+180]
">
      <![CDATA[org.openqa.selenium.SessionNotCreatedException: session not created: This version of ChromeDriver only supports Chrome version 93
Current browser version is 95.0.4638.54 with binary path C:\Program Files (x86)\Google\Chrome\Application\chrome.exe
Build info: version: '3.141.0', revision: '2ecb7d9a', time: '2018-10-31T20:09:30'
System info: host: 'DESKTOP-V18LHA0', ip: '192.168.43.131', os.name: 'Windows 10', os.arch: 'amd64', os.version: '10.0', java.version: '1.8.0_281'
Driver info: driver.version: ChromeDriver
remote stacktrace: Backtrace:
Ordinal0 [0x00D2D403+2479107]
Ordinal0 [0x00CC7D51+2063697]
Ordinal0 [0x00BD20C8+1056968]
Ordinal0 [0x00BF043A+1180730]
Ordinal0 [0x00BEC355+1164117]
Ordinal0 [0x00BE9B7F+1153919]
Ordinal0 [0x00C19CBF+1350847]
Ordinal0 [0x00C1992A+1349930]
Ordinal0 [0x00C1583B+1333307]
Ordinal0 [0x00BF1F94+1187732]
Ordinal0 [0x00BF2DE9+1191401]
GetHandleVerifier [0x00EAF3F6+1531734]
GetHandleVerifier [0x00F5E9AE+2249998]
GetHandleVerifier [0x00DB39AB+501003]
GetHandleVerifier [0x00DB2A29+497033]
Ordinal0 [0x00CCD11D+2085149]
Ordinal0 [0x00CD11C8+2101704]
Ordinal0 [0x00CD1302+2102018]
Ordinal0 [0x00CDAA71+2140785]
BaseThreadInitThunk [0x7596F989+25]
RtlGetAppContainerNamedObjectPath [0x772774A4+228]
RtlGetAppContainerNamedObjectPath [0x77277474+180]

at sun.reflect.NativeConstructorAccessorImpl.newInstance0(Native Method)
at sun.reflect.NativeConstructorAccessorImpl.newInstance(Unknown Source)
at sun.reflect.DelegatingConstructorAccessorImpl.newInstance(Unknown Source)
at java.lang.reflect.Constructor.newInstance(Unknown Source)
at org.openqa.selenium.remote.W3CHandshakeResponse.lambda$errorHandler$0(W3CHandshakeResponse.java:62)
at org.openqa.selenium.remote.HandshakeResponse.lambda$getResponseFunction$0(HandshakeResponse.java:30)
at org.openqa.selenium.remote.ProtocolHandshake.lambda$createSession$0(ProtocolHandshake.java:123)
at java.util.stream.ReferencePipeline$3$1.accept(Unknown Source)
at java.util.Spliterators$ArraySpliterator.tryAdvance(Unknown Source)
at java.util.stream.ReferencePipeline.forEachWithCancel(Unknown Source)
at java.util.stream.AbstractPipeline.copyIntoWithCancel(Unknown Source)
at java.util.stream.AbstractPipeline.copyInto(Unknown Source)
at java.util.stream.AbstractPipeline.wrapAndCopyInto(Unknown Source)
at java.util.stream.FindOps$FindOp.evaluateSequential(Unknown Source)
at java.util.stream.AbstractPipeline.evaluate(Unknown Source)
at java.util.stream.ReferencePipeline.findFirst(Unknown Source)
at org.openqa.selenium.remote.ProtocolHandshake.createSession(ProtocolHandshake.java:125)
at org.openqa.selenium.remote.ProtocolHandshake.createSession(ProtocolHandshake.java:74)
at org.openqa.selenium.remote.HttpCommandExecutor.execute(HttpCommandExecutor.java:136)
at org.openqa.selenium.remote.service.DriverCommandExecutor.execute(DriverCommandExecutor.java:83)
at org.openqa.selenium.remote.RemoteWebDriver.execute(RemoteWebDriver.java:552)
at org.openqa.selenium.remote.RemoteWebDriver.startSession(RemoteWebDriver.java:213)
at org.openqa.selenium.remote.RemoteWebDriver.<init>(RemoteWebDriver.java:131)
at org.openqa.selenium.chrome.ChromeDriver.<init>(ChromeDriver.java:181)
at org.openqa.selenium.chrome.ChromeDriver.<init>(ChromeDriver.java:168)
at org.openqa.selenium.chrome.ChromeDriver.<init>(ChromeDriver.java:123)
at com.eBanking.pageObjects.BaseClass.Setup(BaseClass.java:40)
at sun.reflect.NativeMethodAccessorImpl.invoke0(Native Method)
at sun.reflect.NativeMethodAccessorImpl.invoke(Unknown Source)
at sun.reflect.DelegatingMethodAccessorImpl.invoke(Unknown Source)
at java.lang.reflect.Method.invoke(Unknown Source)
at org.testng.internal.MethodInvocationHelper.invokeMethod(MethodInvocationHelper.java:124)
at org.testng.internal.MethodInvocationHelper.invokeMethodConsideringTimeout(MethodInvocationHelper.java:59)
at org.testng.internal.Invoker.invokeConfigurationMethod(Invoker.java:458)
at org.testng.internal.Invoker.invokeConfigurations(Invoker.java:222)
at org.testng.internal.Invoker.invokeConfigurations(Invoker.java:142)
at org.testng.internal.TestMethodWorker.invokeBeforeClassMethods(TestMethodWorker.java:168)
at org.testng.internal.TestMethodWorker.run(TestMethodWorker.java:105)
at org.testng.TestRunner.privateRun(TestRunner.java:648)
at org.testng.TestRunner.run(TestRunner.java:505)
at org.testng.SuiteRunner.runTest(SuiteRunner.java:455)
at org.testng.SuiteRunner.runSequentially(SuiteRunner.java:450)
at org.testng.SuiteRunner.privateRun(SuiteRunner.java:415)
at org.testng.SuiteRunner.run(SuiteRunner.java:364)
at org.testng.SuiteRunnerWorker.runSuite(SuiteRunnerWorker.java:52)
at org.testng.SuiteRunnerWorker.run(SuiteRunnerWorker.java:84)
at org.testng.TestNG.runSuitesSequentially(TestNG.java:1208)
at org.testng.TestNG.runSuitesLocally(TestNG.java:1137)
at org.testng.TestNG.runSuites(TestNG.java:1049)
at org.testng.TestNG.run(TestNG.java:1017)
at org.testng.remote.AbstractRemoteTestNG.run(AbstractRemoteTestNG.java:114)
at org.testng.remote.RemoteTestNG.initAndRun(RemoteTestNG.java:251)
at org.testng.remote.RemoteTestNG.main(RemoteTestNG.java:77)
]]>
    </error>
  </testcase> <!-- Setup -->
  <testcase name="addCustomer" time="0.000" classname="com.eBanking.testCases.TC_addCustomerTest_003">
    <skipped/>
  </testcase> <!-- addCustomer -->
</testsuite> <!-- com.eBanking.testCases.TC_addCustomerTest_003 -->
